<?xml version="1.0" encoding="UTF-8" ?>
<testsuite failures="0" time="12.515" errors="0" skipped="0" tests="3" name="org.nuxeo.ecm.sample.TestRepository">
  <properties>
    <property name="nuxeo.test.vcs.server" value="${nuxeo.test.vcs.server}"/>
    <property name="java.runtime.name" value="Java(TM) SE Runtime Environment"/>
    <property name="sun.boot.library.path" value="C:\Program Files\Java\jdk1.6.0_13\jre\bin"/>
    <property name="nuxeo.test.vcs.password" value="${nuxeo.test.vcs.password}"/>
    <property name="java.vm.version" value="11.3-b02"/>
    <property name="nuxeo.test.vcs.url" value="${nuxeo.test.vcs.url}"/>
    <property name="java.vm.vendor" value="Sun Microsystems Inc."/>
    <property name="java.vendor.url" value="http://java.sun.com/"/>
    <property name="path.separator" value=";"/>
    <property name="java.vm.name" value="Java HotSpot(TM) Client VM"/>
    <property name="file.encoding.pkg" value="sun.io"/>
    <property name="user.country" value="PL"/>
    <property name="sun.java.launcher" value="SUN_STANDARD"/>
    <property name="sun.os.patch.level" value="Dodatek Service Pack 3"/>
    <property name="java.vm.specification.name" value="Java Virtual Machine Specification"/>
    <property name="user.dir" value="C:\Documents and Settings\czopson\Pulpit\nuxeo-sample-project-a6dd851209b2\nuxeo-sample-project-a6dd851209b2"/>
    <property name="java.runtime.version" value="1.6.0_13-b03"/>
    <property name="nuxeo.test.vcs.database" value="${nuxeo.test.vcs.database}"/>
    <property name="java.awt.graphicsenv" value="sun.awt.Win32GraphicsEnvironment"/>
    <property name="basedir" value="C:\Documents and Settings\czopson\Pulpit\nuxeo-sample-project-a6dd851209b2\nuxeo-sample-project-a6dd851209b2"/>
    <property name="nuxeo.test.vcs.user" value="${nuxeo.test.vcs.user}"/>
    <property name="java.endorsed.dirs" value="C:\Program Files\Java\jdk1.6.0_13\jre\lib\endorsed"/>
    <property name="os.arch" value="x86"/>
    <property name="java.io.tmpdir" value="C:\DOCUME~1\czopson\USTAWI~1\Temp\"/>
    <property name="line.separator" value="
"/>
    <property name="java.vm.specification.vendor" value="Sun Microsystems Inc."/>
    <property name="user.variant" value=""/>
    <property name="os.name" value="Windows XP"/>
    <property name="net.sourceforge.cobertura.datafile" value="C:\Documents and Settings\czopson\Pulpit\nuxeo-sample-project-a6dd851209b2\nuxeo-sample-project-a6dd851209b2\target/cobertura/cobertura.ser"/>
    <property name="sun.jnu.encoding" value="Cp1250"/>
    <property name="nuxeo.test.vcs.port" value="${nuxeo.test.vcs.port}"/>
    <property name="java.library.path" value="C:\Program Files\Java\jdk1.6.0_13\jre\bin;.;C:\WINDOWS\Sun\Java\bin;C:\WINDOWS\system32;C:\WINDOWS;C:/Program Files/Java/jre6/bin/client;C:/Program Files/Java/jre6/bin;C:\WINDOWS\system32;C:\WINDOWS;C:\WINDOWS\System32\Wbem;C:\Program Files\Java\jdk1.6.0_13\bin;C:\Program Files\apache-maven-2.2.1\bin"/>
    <property name="java.specification.name" value="Java Platform API Specification"/>
    <property name="java.class.version" value="50.0"/>
    <property name="sun.management.compiler" value="HotSpot Client Compiler"/>
    <property name="os.version" value="5.1"/>
    <property name="user.home" value="C:\Documents and Settings\czopson"/>
    <property name="user.timezone" value="Europe/Belgrade"/>
    <property name="java.awt.printerjob" value="sun.awt.windows.WPrinterJob"/>
    <property name="java.specification.version" value="1.6"/>
    <property name="file.encoding" value="Cp1250"/>
    <property name="user.name" value="czopson"/>
    <property name="java.class.path" value="C:\Documents and Settings\czopson\.m2\repository\org\apache\maven\surefire\surefire-booter\2.3\surefire-booter-2.3.jar;C:\Documents and Settings\czopson\.m2\repository\org\apache\maven\surefire\surefire-api\2.3\surefire-api-2.3.jar;C:\Documents and Settings\czopson\.m2\repository\org\codehaus\plexus\plexus-utils\1.1\plexus-utils-1.1.jar;C:\Documents and Settings\czopson\.m2\repository\commons-lang\commons-lang\2.1\commons-lang-2.1.jar;C:\Documents and Settings\czopson\.m2\repository\org\codehaus\plexus\plexus-archiver\1.0-alpha-7\plexus-archiver-1.0-alpha-7.jar;C:\Documents and Settings\czopson\.m2\repository\org\codehaus\plexus\plexus-container-default\1.0-alpha-8\plexus-container-default-1.0-alpha-8.jar;C:\Documents and Settings\czopson\.m2\repository\junit\junit\3.8.1\junit-3.8.1.jar;C:\Documents and Settings\czopson\.m2\repository\classworlds\classworlds\1.1-alpha-2\classworlds-1.1-alpha-2.jar"/>
    <property name="nuxeo.test.vcs.db" value="${nuxeo.test.vcs.db}"/>
    <property name="java.vm.specification.version" value="1.0"/>
    <property name="sun.arch.data.model" value="32"/>
    <property name="java.home" value="C:\Program Files\Java\jdk1.6.0_13\jre"/>
    <property name="java.specification.vendor" value="Sun Microsystems Inc."/>
    <property name="user.language" value="pl"/>
    <property name="awt.toolkit" value="sun.awt.windows.WToolkit"/>
    <property name="java.vm.info" value="mixed mode, sharing"/>
    <property name="java.version" value="1.6.0_13"/>
    <property name="java.ext.dirs" value="C:\Program Files\Java\jdk1.6.0_13\jre\lib\ext;C:\WINDOWS\Sun\Java\lib\ext"/>
    <property name="sun.boot.class.path" value="C:\Program Files\Java\jdk1.6.0_13\jre\lib\resources.jar;C:\Program Files\Java\jdk1.6.0_13\jre\lib\rt.jar;C:\Program Files\Java\jdk1.6.0_13\jre\lib\sunrsasign.jar;C:\Program Files\Java\jdk1.6.0_13\jre\lib\jsse.jar;C:\Program Files\Java\jdk1.6.0_13\jre\lib\jce.jar;C:\Program Files\Java\jdk1.6.0_13\jre\lib\charsets.jar;C:\Program Files\Java\jdk1.6.0_13\jre\classes"/>
    <property name="java.vendor" value="Sun Microsystems Inc."/>
    <property name="localRepository" value="C:\Documents and Settings\czopson\.m2\repository"/>
    <property name="file.separator" value="\"/>
    <property name="java.vendor.url.bug" value="http://java.sun.com/cgi-bin/bugreport.cgi"/>
    <property name="org.nuxeo.runtime.testing" value="true"/>
    <property name="sun.cpu.endian" value="little"/>
    <property name="sun.io.unicode.encoding" value="UnicodeLittle"/>
    <property name="sun.desktop" value="windows"/>
    <property name="sun.cpu.isalist" value=""/>
  </properties>
  <testcase time="8.297" name="testLifeCycle"/>
  <testcase time="2.14" name="testBookSchema"/>
  <testcase time="2.078" name="testTearDown"/>
</testsuite>